2025-01-03 19:47:00,900 - INFO - Loading datasets
2025-01-03 19:47:02,227 - INFO - Train shape: (1017209, 9), Test shape: (41088, 8), Store shape: (1115, 10)
2025-01-03 19:47:02,365 - INFO - Missing data: Open    11
dtype: int64
2025-01-03 19:47:02,533 - INFO - Missing data: Series([], dtype: int64)
2025-01-03 19:47:02,548 - INFO - Missing data: CompetitionDistance            3
CompetitionOpenSinceMonth    354
CompetitionOpenSinceYear     354
Promo2SinceWeek              544
Promo2SinceYear              544
PromoInterval                544
dtype: int64
2025-01-03 19:47:02,626 - INFO - Handling missing values for train
2025-01-03 19:47:02,866 - INFO - Missing data: Series([], dtype: int64)
2025-01-03 19:47:02,900 - INFO - Missing data: Series([], dtype: int64)
2025-01-03 19:47:02,929 - INFO - Missing data: Series([], dtype: int64)
2025-01-03 19:47:08,257 - INFO - Detecting outliers
2025-01-03 19:47:08,350 - INFO - Detecting outliers
2025-01-03 19:47:08,410 - INFO - Detecting outliers
2025-01-03 19:47:13,265 - INFO - Detecting outliers
2025-01-03 19:47:13,523 - INFO - Detecting outliers
2025-01-03 19:47:13,540 - INFO - Detecting outliers
2025-01-03 19:47:13,797 - INFO - Detecting outliers
2025-01-03 19:47:14,426 - INFO - trian merged shape: (1017209, 18), test merged shape: (41077, 17)
2025-01-03 19:47:15,305 - INFO - Feature Engineering
2025-01-03 19:47:15,364 - INFO - Feature Engineering
2025-01-03 19:47:15,450 - INFO - Promo Distribution
2025-01-03 19:47:15,725 - INFO - Analyze sales behavior before, during, and after holidays.
2025-01-03 19:47:40,393 - INFO - Analyze seasonal purchasing behaviors.
2025-01-03 19:47:40,548 - INFO - Using categorical units to plot a list of strings that are all parsable as floats or dates. If these strings should be plotted as numbers, cast to the appropriate data type before plotting.
2025-01-03 19:47:40,557 - INFO - Using categorical units to plot a list of strings that are all parsable as floats or dates. If these strings should be plotted as numbers, cast to the appropriate data type before plotting.
2025-01-03 19:47:41,067 - INFO - correlation between sales and customers.
2025-01-03 19:47:41,106 - INFO - Correlation Between Sales and Customers:
2025-01-03 19:47:41,106 - INFO -               Sales  Customers
Sales      1.000000   0.920805
Customers  0.920805   1.000000
2025-01-03 19:47:41,389 - INFO - effect of promos on sales.
2025-01-03 19:47:41,455 - INFO - Using categorical units to plot a list of strings that are all parsable as floats or dates. If these strings should be plotted as numbers, cast to the appropriate data type before plotting.
2025-01-03 19:47:41,464 - INFO - Using categorical units to plot a list of strings that are all parsable as floats or dates. If these strings should be plotted as numbers, cast to the appropriate data type before plotting.
2025-01-03 19:47:41,830 - INFO - Promo Deployment Strategies
2025-01-03 19:47:41,972 - INFO - Top stores for promo deployment:
2025-01-03 19:47:41,973 - INFO - Promo            0             1   Difference
Store                                        
261    6636.746564  13539.176389  6902.429825
963    5729.452749  12461.506944  6732.054195
876    4776.298969  11353.336111  6577.037142
375    4909.736254  11429.531944  6519.795690
726    6192.259450  12631.476389  6439.216939
1014   6771.820447  13158.006944  6386.186498
271    4008.640893  10330.906944  6322.266051
526    6143.203608  12396.180556  6252.976947
545    6205.571306  12329.944444  6124.373139
552    4008.190722  10116.820833  6108.630112
2025-01-03 19:47:42,007 - INFO - Trends During Store Open/Close
2025-01-03 19:47:42,084 - INFO - Using categorical units to plot a list of strings that are all parsable as floats or dates. If these strings should be plotted as numbers, cast to the appropriate data type before plotting.
2025-01-03 19:47:42,094 - INFO - Using categorical units to plot a list of strings that are all parsable as floats or dates. If these strings should be plotted as numbers, cast to the appropriate data type before plotting.
2025-01-03 19:47:42,557 - INFO - Weekend sales for stores open on weekdays:
2025-01-03 19:47:42,557 - INFO -       Store        Sales
0         1  2471.485075
1         2  1436.552239
2         3  2217.320896
3         4  5050.201493
4         5  1039.552239
...     ...          ...
1110   1111  1644.361940
1111   1112  4296.194030
1112   1113  2946.787313
1113   1114  7024.750000
1114   1115  3386.694030

[1115 rows x 2 columns]
2025-01-03 19:47:42,601 - INFO - Using categorical units to plot a list of strings that are all parsable as floats or dates. If these strings should be plotted as numbers, cast to the appropriate data type before plotting.
2025-01-03 19:47:42,618 - INFO - Using categorical units to plot a list of strings that are all parsable as floats or dates. If these strings should be plotted as numbers, cast to the appropriate data type before plotting.
2025-01-03 19:48:04,682 - INFO - Assortment Type and Sales
2025-01-03 19:48:05,058 - INFO - Competition Distance Effect
2025-01-03 19:48:09,731 - INFO - Competitor Open/Reopen Impact
2025-01-03 19:48:22,920 - INFO - Trends During Store Open/Close
2025-01-03 19:48:23,011 - INFO - Using categorical units to plot a list of strings that are all parsable as floats or dates. If these strings should be plotted as numbers, cast to the appropriate data type before plotting.
2025-01-03 19:48:23,026 - INFO - Using categorical units to plot a list of strings that are all parsable as floats or dates. If these strings should be plotted as numbers, cast to the appropriate data type before plotting.
